Build started 31. 7. 2017 17:45:31.
     1>Project "D:\GitHub\Minor-projects\Graph-algorithms\Graph\Graph.vcxproj" on node 2 (Build target(s)).
     1>ClCompile:
         C:\Program Files (x86)\Microsoft Visual Studio 12.0\VC\bin\CL.exe /c /ZI /nologo /W3 /WX- /sdl /Od /Oy- /D WIN32 /D _DEBUG /D _CONSOLE /D _LIB /D _UNICODE /D UNICODE /Gm /EHsc /RTC1 /MDd /GS /fp:precise /Zc:wchar_t /Zc:forScope /Yu"stdafx.h" /Fp"Debug\Graph.pch" /Fo"Debug\\" /Fd"Debug\vc120.pdb" /Gd /TP /analyze- /errorReport:prompt Dijkstra.cpp Graph.cpp
         Graph.cpp
     1>d:\github\minor-projects\graph-algorithms\graph\graph.cpp(38): warning C4018: '<' : signed/unsigned mismatch
     1>d:\github\minor-projects\graph-algorithms\graph\graph.cpp(40): warning C4018: '<' : signed/unsigned mismatch
         Dijkstra.cpp
     1>d:\github\minor-projects\graph-algorithms\graph\dijkstra.cpp(28): warning C4018: '<' : signed/unsigned mismatch
     1>d:\github\minor-projects\graph-algorithms\graph\dijkstra.cpp(33): warning C4018: '<' : signed/unsigned mismatch
     1>d:\github\minor-projects\graph-algorithms\graph\dijkstra.cpp(46): warning C4018: '<' : signed/unsigned mismatch
     1>d:\github\minor-projects\graph-algorithms\graph\dijkstra.cpp(58): warning C4018: '<' : signed/unsigned mismatch
         Generating Code...
       Link:
         C:\Program Files (x86)\Microsoft Visual Studio 12.0\VC\bin\link.exe /ERRORREPORT:PROMPT /OUT:"D:\GitHub\Minor-projects\Graph-algorithms\Debug\Graph.exe" /INCREMENTAL /NOLOGO kernel32.lib user32.lib gdi32.lib winspool.lib comdlg32.lib advapi32.lib shell32.lib ole32.lib oleaut32.lib uuid.lib odbc32.lib odbccp32.lib /MANIFEST /MANIFESTUAC:"level='asInvoker' uiAccess='false'" /manifest:embed /DEBUG /PDB:"D:\GitHub\Minor-projects\Graph-algorithms\Debug\Graph.pdb" /SUBSYSTEM:CONSOLE /TLBID:1 /DYNAMICBASE /NXCOMPAT /IMPLIB:"D:\GitHub\Minor-projects\Graph-algorithms\Debug\Graph.lib" /MACHINE:X86 Debug\Dijkstra.obj
         Debug\Graph.obj
         Debug\Main.obj
         Debug\stdafx.obj
         Graph.vcxproj -> D:\GitHub\Minor-projects\Graph-algorithms\Debug\Graph.exe
     1>Done Building Project "D:\GitHub\Minor-projects\Graph-algorithms\Graph\Graph.vcxproj" (Build target(s)).

Build succeeded.

Time Elapsed 00:00:01.29
