Build started 17. 1. 2016 15:15:28.
     1>Project "D:\GitHub\Minor-projects\CMD-grammar\cmd\cmd\cmd.vcxproj" on node 2 (Build target(s)).
     1>C:\Program Files (x86)\MSBuild\Microsoft.Cpp\v4.0\V140\Microsoft.CppBuild.targets(392,5): warning MSB8028: The intermediate directory (Release\) contains files shared from another project (cmd.vcxproj).  This can lead to incorrect clean and rebuild behavior.
     1>ClCompile:
         C:\Program Files (x86)\Microsoft Visual Studio 14.0\VC\bin\CL.exe /c /Zi /nologo /W3 /WX- /sdl /O2 /Oi /Oy- /GL /D WIN32 /D NDEBUG /D _CONSOLE /D _UNICODE /D UNICODE /Gm- /EHsc /MD /GS /Gy /fp:precise /Zc:wchar_t /Zc:forScope /Zc:inline /Fo"Release\\" /Fd"Release\vc140.pdb" /Gd /TP /analyze- /errorReport:prompt ..\src\main.cpp ..\src\parser\nutparser.cpp
         main.cpp
         nutparser.cpp
     1>..\src\parser\nutparser.cpp(439): warning C4018: '<': signed/unsigned mismatch
       Link:
         C:\Program Files (x86)\Microsoft Visual Studio 14.0\VC\bin\link.exe /ERRORREPORT:PROMPT /OUT:"D:\GitHub\Minor-projects\CMD-grammar\cmd\Release\cmd-grammar.exe" /INCREMENTAL:NO /NOLOGO kernel32.lib user32.lib gdi32.lib winspool.lib comdlg32.lib advapi32.lib shell32.lib ole32.lib oleaut32.lib uuid.lib odbc32.lib odbccp32.lib /MANIFEST /MANIFESTUAC:"level='asInvoker' uiAccess='false'" /manifest:embed /Debug /PDB:"D:\GitHub\Minor-projects\CMD-grammar\cmd\Release\cmd-grammar.pdb" /SUBSYSTEM:CONSOLE /OPT:REF /OPT:ICF /LTCG:incremental /TLBID:1 /DYNAMICBASE /NXCOMPAT /IMPLIB:"D:\GitHub\Minor-projects\CMD-grammar\cmd\Release\cmd-grammar.lib" /MACHINE:X86 /SAFESEH Release\main.obj
         Release\lexicalA.obj
         Release\nutparser.obj
         Release\nuttoken.obj
         Generating code
         51 of 472 functions (10.8%) were compiled, the rest were copied from previous compilation.
           17 functions were new in current compilation
           48 functions had inline decision re-evaluated but remain unchanged
         Finished generating code
         cmd.vcxproj -> D:\GitHub\Minor-projects\CMD-grammar\cmd\Release\cmd-grammar.exe
     1>Done Building Project "D:\GitHub\Minor-projects\CMD-grammar\cmd\cmd\cmd.vcxproj" (Build target(s)).

Build succeeded.

Time Elapsed 00:00:02.53
