Build started 17. 1. 2016 15:15:19.
     1>Project "D:\GitHub\Minor-projects\CMD-grammar\cmd\cmd\cmd.vcxproj" on node 2 (Build target(s)).
     1>C:\Program Files (x86)\MSBuild\Microsoft.Cpp\v4.0\V140\Microsoft.CppBuild.targets(392,5): warning MSB8028: The intermediate directory (Debug\) contains files shared from another project (cmd.vcxproj).  This can lead to incorrect clean and rebuild behavior.
     1>ClCompile:
         C:\Program Files (x86)\Microsoft Visual Studio 14.0\VC\bin\CL.exe /c /ZI /nologo /W3 /WX- /sdl /Od /Oy- /D WIN32 /D _DEBUG /D _CONSOLE /D _UNICODE /D UNICODE /Gm /EHsc /RTC1 /MDd /GS /fp:precise /Zc:wchar_t /Zc:forScope /Zc:inline /Fo"Debug\\" /Fd"Debug\vc140.pdb" /Gd /TP /analyze- /errorReport:prompt ..\src\parser\lexicalA.cpp ..\src\parser\nutparser.cpp ..\src\parser\nuttoken.cpp
         nutparser.cpp
     1>d:\github\minor-projects\cmd-grammar\cmd\src\parser\nutparser.cpp(439): warning C4018: '<': signed/unsigned mismatch
         Generating Code...
         Skipping... (no relevant changes detected)
         nuttoken.cpp
         lexicalA.cpp
       Link:
         C:\Program Files (x86)\Microsoft Visual Studio 14.0\VC\bin\link.exe /ERRORREPORT:PROMPT /OUT:"D:\GitHub\Minor-projects\CMD-grammar\cmd\Debug\cmd-grammar.exe" /INCREMENTAL /NOLOGO kernel32.lib user32.lib gdi32.lib winspool.lib comdlg32.lib advapi32.lib shell32.lib ole32.lib oleaut32.lib uuid.lib odbc32.lib odbccp32.lib /MANIFEST /MANIFESTUAC:"level='asInvoker' uiAccess='false'" /manifest:embed /Debug /PDB:"D:\GitHub\Minor-projects\CMD-grammar\cmd\Debug\cmd-grammar.pdb" /SUBSYSTEM:CONSOLE /TLBID:1 /DYNAMICBASE /NXCOMPAT /IMPLIB:"D:\GitHub\Minor-projects\CMD-grammar\cmd\Debug\cmd-grammar.lib" /MACHINE:X86 Debug\main.obj
         Debug\lexicalA.obj
         Debug\nutparser.obj
         Debug\nuttoken.obj
         cmd.vcxproj -> D:\GitHub\Minor-projects\CMD-grammar\cmd\Debug\cmd-grammar.exe
     1>Done Building Project "D:\GitHub\Minor-projects\CMD-grammar\cmd\cmd\cmd.vcxproj" (Build target(s)).

Build succeeded.

Time Elapsed 00:00:00.84
